<?xml version="1.0" encoding="UTF-8" ?>
<testsuite failures="0" time="94.899" errors="0" skipped="0" tests="12" name="TestSuite">
  <properties>
[...]
</properties>
  <testcase time="94.873" classname="cz.ds.stream.TestThrottledInputStream" name="testThrottling"/>
  <testcase time="0.003" classname="cz.ds.stream.config.TestXmlConfigFactory" name="testLoadBandwidthFromUnknownPool"/>
  <testcase time="0" classname="cz.ds.stream.config.TestXmlConfigFactory" name="testLoadConfigWithUnrestrictedPool"/>
  <testcase time="0.003" classname="cz.ds.stream.config.TestXmlConfigFactory" name="testLoadInnerBandwidth"/>
  <testcase time="0.017" classname="cz.ds.stream.config.jaxb.TestConfigMarshaller" name="testXmlConfigMarshaller"/>
  <testcase time="0" classname="cz.ds.stream.config.util.TestMeasureUnitType" name="testMeasureUnitTypes"/>
  <testcase time="0" classname="cz.ds.stream.config.util.TestMeasureUnitType" name="testMeasureUnitTypes"/>
  <testcase time="0.001" classname="cz.ds.stream.config.util.TestMeasureUnitType" name="testMeasureUnitTypes"/>
  <testcase time="0" classname="cz.ds.stream.config.util.TestMeasureUnitType" name="testMeasureUnitTypes"/>
  <testcase time="0" classname="cz.ds.stream.config.util.TestMeasureUnitType" name="testMeasureUnitTypes"/>
  <testcase time="0.001" classname="cz.ds.stream.util.TestMeasureUnitConverter" name="testConvertMeasureUnitTypeToUnitType"/>
  <testcase time="0.001" classname="cz.ds.stream.util.TestMeasureUnitConverter" name="testConvertUnitTypeToMeasureUnitType"/>
</testsuite>